2021-10-05 12:54:08.039 [main] INFO  com.jx.blogap1.BlogAp1Application - Starting BlogAp1Application using Java 1.8.0_144 on WIN-5RFHU8DBTR7 with PID 19716 (D:\向着架构师冲击\项目\blog-parent1\blog-ap1\target\classes started by Administrator in D:\向着架构师冲击\项目\blog-parent1)
2021-10-05 12:54:08.043 [main] INFO  com.jx.blogap1.BlogAp1Application - No active profile set, falling back to default profiles: default
2021-10-05 12:54:08.825 [main] INFO  o.s.d.r.config.RepositoryConfigurationDelegate - Multiple Spring Data modules found, entering strict repository configuration mode!
2021-10-05 12:54:08.828 [main] INFO  o.s.d.r.config.RepositoryConfigurationDelegate - Bootstrapping Spring Data Redis repositories in DEFAULT mode.
2021-10-05 12:54:08.873 [main] INFO  o.s.d.r.config.RepositoryConfigurationDelegate - Finished Spring Data repository scanning in 23 ms. Found 0 Redis repository interfaces.
2021-10-05 12:54:09.222 [main] INFO  o.s.c.s.PostProcessorRegistrationDelegate$BeanPostProcessorChecker - Bean 'redisConfig' of type [com.jx.blogap1.config.RedisConfig$$EnhancerBySpringCGLIB$$ff55ee7] is not eligible for getting processed by all BeanPostProcessors (for example: not eligible for auto-proxying)
2021-10-05 12:54:09.429 [main] INFO  o.s.boot.web.embedded.tomcat.TomcatWebServer - Tomcat initialized with port(s): 8888 (http)
2021-10-05 12:54:09.438 [main] INFO  org.apache.coyote.http11.Http11NioProtocol - Initializing ProtocolHandler ["http-nio-8888"]
2021-10-05 12:54:09.439 [main] INFO  org.apache.catalina.core.StandardService - Starting service [Tomcat]
2021-10-05 12:54:09.439 [main] INFO  org.apache.catalina.core.StandardEngine - Starting Servlet engine: [Apache Tomcat/9.0.53]
2021-10-05 12:54:09.555 [main] INFO  o.a.c.core.ContainerBase.[Tomcat].[localhost].[/] - Initializing Spring embedded WebApplicationContext
2021-10-05 12:54:09.555 [main] INFO  o.s.b.w.s.c.ServletWebServerApplicationContext - Root WebApplicationContext: initialization completed in 1470 ms
2021-10-05 12:54:12.218 [main] INFO  org.apache.coyote.http11.Http11NioProtocol - Starting ProtocolHandler ["http-nio-8888"]
2021-10-05 12:54:12.234 [main] INFO  o.s.boot.web.embedded.tomcat.TomcatWebServer - Tomcat started on port(s): 8888 (http) with context path ''
2021-10-05 12:54:12.243 [main] INFO  com.jx.blogap1.BlogAp1Application - Started BlogAp1Application in 4.898 seconds (JVM running for 6.36)
2021-10-05 12:55:35.978 [http-nio-8888-exec-4] INFO  o.a.c.core.ContainerBase.[Tomcat].[localhost].[/] - Initializing Spring DispatcherServlet 'dispatcherServlet'
2021-10-05 12:55:35.978 [http-nio-8888-exec-4] INFO  org.springframework.web.servlet.DispatcherServlet - Initializing Servlet 'dispatcherServlet'
2021-10-05 12:55:35.979 [http-nio-8888-exec-4] INFO  org.springframework.web.servlet.DispatcherServlet - Completed initialization in 1 ms
2021-10-05 12:55:36.048 [http-nio-8888-exec-2] INFO  com.zaxxer.hikari.HikariDataSource - HikariPool-1 - Starting...
2021-10-05 12:55:36.243 [http-nio-8888-exec-2] INFO  com.zaxxer.hikari.HikariDataSource - HikariPool-1 - Start completed.
2021-10-05 16:43:18.474 [main] INFO  com.jx.blogap1.BlogAp1ApplicationTests - Starting BlogAp1ApplicationTests using Java 1.8.0_144 on WIN-5RFHU8DBTR7 with PID 20016 (started by Administrator in D:\向着架构师冲击\项目\blog-parent1\blog-ap1)
2021-10-05 16:43:18.477 [main] INFO  com.jx.blogap1.BlogAp1ApplicationTests - No active profile set, falling back to default profiles: default
2021-10-05 16:43:19.390 [main] INFO  o.s.d.r.config.RepositoryConfigurationDelegate - Multiple Spring Data modules found, entering strict repository configuration mode!
2021-10-05 16:43:19.396 [main] INFO  o.s.d.r.config.RepositoryConfigurationDelegate - Bootstrapping Spring Data Redis repositories in DEFAULT mode.
2021-10-05 16:43:19.438 [main] INFO  o.s.d.r.config.RepositoryConfigurationDelegate - Finished Spring Data repository scanning in 21 ms. Found 0 Redis repository interfaces.
2021-10-05 16:43:20.136 [main] INFO  o.s.c.s.PostProcessorRegistrationDelegate$BeanPostProcessorChecker - Bean 'redisConfig' of type [com.jx.blogap1.config.RedisConfig$$EnhancerBySpringCGLIB$$876dc6c2] is not eligible for getting processed by all BeanPostProcessors (for example: not eligible for auto-proxying)
2021-10-05 16:43:24.566 [main] INFO  com.jx.blogap1.BlogAp1ApplicationTests - Started BlogAp1ApplicationTests in 6.662 seconds (JVM running for 7.927)
2021-10-05 17:43:36.274 [main] INFO  com.jx.blogap1.BlogAp1ApplicationTests - Starting BlogAp1ApplicationTests using Java 1.8.0_144 on WIN-5RFHU8DBTR7 with PID 18720 (started by Administrator in D:\向着架构师冲击\项目\blog-parent1\blog-ap1)
2021-10-05 17:43:36.282 [main] INFO  com.jx.blogap1.BlogAp1ApplicationTests - No active profile set, falling back to default profiles: default
2021-10-05 17:43:37.266 [main] INFO  o.s.d.r.config.RepositoryConfigurationDelegate - Multiple Spring Data modules found, entering strict repository configuration mode!
2021-10-05 17:43:37.269 [main] INFO  o.s.d.r.config.RepositoryConfigurationDelegate - Bootstrapping Spring Data Redis repositories in DEFAULT mode.
2021-10-05 17:43:37.313 [main] INFO  o.s.d.r.config.RepositoryConfigurationDelegate - Finished Spring Data repository scanning in 23 ms. Found 0 Redis repository interfaces.
2021-10-05 17:43:38.055 [main] INFO  o.s.c.s.PostProcessorRegistrationDelegate$BeanPostProcessorChecker - Bean 'redisConfig' of type [com.jx.blogap1.config.RedisConfig$$EnhancerBySpringCGLIB$$26b86da2] is not eligible for getting processed by all BeanPostProcessors (for example: not eligible for auto-proxying)
2021-10-05 17:43:44.392 [main] INFO  com.jx.blogap1.BlogAp1ApplicationTests - Started BlogAp1ApplicationTests in 8.76 seconds (JVM running for 10.125)
2021-10-05 18:00:40.732 [main] INFO  com.jx.blogap1.BlogAp1Application - Starting BlogAp1Application v0.0.1-SNAPSHOT using Java 1.8.0_301 on WIN-5RFHU8DBTR7 with PID 19672 (D:\向着架构师冲击\项目\blog-parent1\blog-ap1\target\blog-ap1-0.0.1-SNAPSHOT.jar started by Administrator in D:\向着架构师冲击\项目\blog-parent1\blog-ap1\target)
2021-10-05 18:00:40.737 [main] INFO  com.jx.blogap1.BlogAp1Application - No active profile set, falling back to default profiles: default
2021-10-05 18:00:44.044 [main] INFO  o.s.d.r.config.RepositoryConfigurationDelegate - Multiple Spring Data modules found, entering strict repository configuration mode!
2021-10-05 18:00:44.060 [main] INFO  o.s.d.r.config.RepositoryConfigurationDelegate - Bootstrapping Spring Data Redis repositories in DEFAULT mode.
2021-10-05 18:00:44.157 [main] INFO  o.s.d.r.config.RepositoryConfigurationDelegate - Finished Spring Data repository scanning in 34 ms. Found 0 Redis repository interfaces.
2021-10-05 18:00:45.427 [main] INFO  o.s.c.s.PostProcessorRegistrationDelegate$BeanPostProcessorChecker - Bean 'redisConfig' of type [com.jx.blogap1.config.RedisConfig$$EnhancerBySpringCGLIB$$105f8b81] is not eligible for getting processed by all BeanPostProcessors (for example: not eligible for auto-proxying)
2021-10-05 18:00:46.919 [main] INFO  o.s.boot.web.embedded.tomcat.TomcatWebServer - Tomcat initialized with port(s): 8888 (http)
2021-10-05 18:00:46.950 [main] INFO  org.apache.coyote.http11.Http11NioProtocol - Initializing ProtocolHandler ["http-nio-8888"]
2021-10-05 18:00:46.951 [main] INFO  org.apache.catalina.core.StandardService - Starting service [Tomcat]
2021-10-05 18:00:46.955 [main] INFO  org.apache.catalina.core.StandardEngine - Starting Servlet engine: [Apache Tomcat/9.0.53]
2021-10-05 18:00:47.255 [main] INFO  o.a.c.core.ContainerBase.[Tomcat].[localhost].[/] - Initializing Spring embedded WebApplicationContext
2021-10-05 18:00:47.256 [main] INFO  o.s.b.w.s.c.ServletWebServerApplicationContext - Root WebApplicationContext: initialization completed in 6360 ms
2021-10-05 18:00:52.659 [main] INFO  org.apache.coyote.http11.Http11NioProtocol - Starting ProtocolHandler ["http-nio-8888"]
2021-10-05 18:00:52.716 [main] INFO  o.s.boot.web.embedded.tomcat.TomcatWebServer - Tomcat started on port(s): 8888 (http) with context path ''
2021-10-05 18:00:52.757 [main] INFO  com.jx.blogap1.BlogAp1Application - Started BlogAp1Application in 13.39 seconds (JVM running for 14.281)
2021-10-05 18:01:15.992 [http-nio-8888-exec-1] INFO  o.a.c.core.ContainerBase.[Tomcat].[localhost].[/] - Initializing Spring DispatcherServlet 'dispatcherServlet'
2021-10-05 18:01:15.994 [http-nio-8888-exec-1] INFO  org.springframework.web.servlet.DispatcherServlet - Initializing Servlet 'dispatcherServlet'
2021-10-05 18:01:16.003 [http-nio-8888-exec-1] INFO  org.springframework.web.servlet.DispatcherServlet - Completed initialization in 2 ms
2021-10-05 18:02:27.567 [main] INFO  com.jx.blogap1.BlogAp1Application - Starting BlogAp1Application v0.0.1-SNAPSHOT using Java 1.8.0_301 on WIN-5RFHU8DBTR7 with PID 16156 (D:\向着架构师冲击\项目\blog-parent1\blog-ap1\target\blog-ap1-0.0.1-SNAPSHOT.jar started by Administrator in D:\向着架构师冲击\项目\blog-parent1\blog-ap1\target)
2021-10-05 18:02:27.573 [main] INFO  com.jx.blogap1.BlogAp1Application - No active profile set, falling back to default profiles: default
2021-10-05 18:02:30.715 [main] INFO  o.s.d.r.config.RepositoryConfigurationDelegate - Multiple Spring Data modules found, entering strict repository configuration mode!
2021-10-05 18:02:30.735 [main] INFO  o.s.d.r.config.RepositoryConfigurationDelegate - Bootstrapping Spring Data Redis repositories in DEFAULT mode.
2021-10-05 18:02:30.832 [main] INFO  o.s.d.r.config.RepositoryConfigurationDelegate - Finished Spring Data repository scanning in 30 ms. Found 0 Redis repository interfaces.
2021-10-05 18:02:32.044 [main] INFO  o.s.c.s.PostProcessorRegistrationDelegate$BeanPostProcessorChecker - Bean 'redisConfig' of type [com.jx.blogap1.config.RedisConfig$$EnhancerBySpringCGLIB$$d6b82349] is not eligible for getting processed by all BeanPostProcessors (for example: not eligible for auto-proxying)
2021-10-05 18:02:33.444 [main] INFO  o.s.boot.web.embedded.tomcat.TomcatWebServer - Tomcat initialized with port(s): 8888 (http)
2021-10-05 18:02:33.474 [main] INFO  org.apache.coyote.http11.Http11NioProtocol - Initializing ProtocolHandler ["http-nio-8888"]
2021-10-05 18:02:33.476 [main] INFO  org.apache.catalina.core.StandardService - Starting service [Tomcat]
2021-10-05 18:02:33.477 [main] INFO  org.apache.catalina.core.StandardEngine - Starting Servlet engine: [Apache Tomcat/9.0.53]
2021-10-05 18:02:33.756 [main] INFO  o.a.c.core.ContainerBase.[Tomcat].[localhost].[/] - Initializing Spring embedded WebApplicationContext
2021-10-05 18:02:33.757 [main] INFO  o.s.b.w.s.c.ServletWebServerApplicationContext - Root WebApplicationContext: initialization completed in 6037 ms
2021-10-05 18:02:38.704 [main] INFO  org.apache.coyote.http11.Http11NioProtocol - Starting ProtocolHandler ["http-nio-8888"]
2021-10-05 18:02:38.743 [main] INFO  o.s.boot.web.embedded.tomcat.TomcatWebServer - Tomcat started on port(s): 8888 (http) with context path ''
2021-10-05 18:02:38.771 [main] INFO  com.jx.blogap1.BlogAp1Application - Started BlogAp1Application in 12.456 seconds (JVM running for 13.185)
2021-10-05 18:02:43.198 [http-nio-8888-exec-5] INFO  o.a.c.core.ContainerBase.[Tomcat].[localhost].[/] - Initializing Spring DispatcherServlet 'dispatcherServlet'
2021-10-05 18:02:43.200 [http-nio-8888-exec-5] INFO  org.springframework.web.servlet.DispatcherServlet - Initializing Servlet 'dispatcherServlet'
2021-10-05 18:02:43.202 [http-nio-8888-exec-5] INFO  org.springframework.web.servlet.DispatcherServlet - Completed initialization in 1 ms
2021-10-05 23:07:05.006 [main] INFO  com.jx.blogap1.BlogAp1ApplicationTests - Starting BlogAp1ApplicationTests using Java 1.8.0_144 on WIN-5RFHU8DBTR7 with PID 22628 (started by Administrator in D:\向着架构师冲击\项目\blog-parent1\blog-ap1)
2021-10-05 23:07:05.009 [main] INFO  com.jx.blogap1.BlogAp1ApplicationTests - No active profile set, falling back to default profiles: default
2021-10-05 23:07:05.988 [main] INFO  o.s.d.r.config.RepositoryConfigurationDelegate - Multiple Spring Data modules found, entering strict repository configuration mode!
2021-10-05 23:07:05.993 [main] INFO  o.s.d.r.config.RepositoryConfigurationDelegate - Bootstrapping Spring Data Redis repositories in DEFAULT mode.
2021-10-05 23:07:06.034 [main] INFO  o.s.d.r.config.RepositoryConfigurationDelegate - Finished Spring Data repository scanning in 22 ms. Found 0 Redis repository interfaces.
2021-10-05 23:07:06.675 [main] INFO  o.s.c.s.PostProcessorRegistrationDelegate$BeanPostProcessorChecker - Bean 'redisConfig' of type [com.jx.blogap1.config.RedisConfig$$EnhancerBySpringCGLIB$$e3e9ad3f] is not eligible for getting processed by all BeanPostProcessors (for example: not eligible for auto-proxying)
2021-10-05 23:07:11.567 [main] INFO  com.jx.blogap1.BlogAp1ApplicationTests - Started BlogAp1ApplicationTests in 7.138 seconds (JVM running for 8.363)
